Grading r25308 by dzhang55 committed on Fri Sep 30 22:38:41 CDT 2016
Monad Autograder
Testing mp3 at 2016-10-01 00:50:59

"Should array indices start at 0 or 1? My compromise of 0.5 was rejected without, I thought, proper consideration." ~ Stan Kelly-Bootle

Setting up test environment...
Compiling...
================================================================


Running tests...
================================================================
testInsertFront  . . . . . . . . [2 pts]  - FAILED: unit_tests.cpp:117: List does not match solution with backward traversal
testInsertBack . . . . . . . . . [2 pts]  - passed
testDestructor10 (asan)  . . . . [3 pts]  - passed
testDestructor37 (asan)  . . . . [3 pts]  - FAILED: unit_tests.cpp:117: List does not match solution with backward traversal
testReverse20_size . . . . . . . [1 pts]  - passed
testReverse20_forward  . . . . . [1 pts]  - passed
testReverse20_backward . . . . . [1 pts]  - FAILED: unit_tests.cpp:117: List does not match solution with backward traversal
testReverse37_size . . . . . . . [1 pts]  - passed
testReverse37_forward  . . . . . [1 pts]  - passed
testReverse37_backward . . . . . [1 pts]  - FAILED: unit_tests.cpp:117: List does not match solution with backward traversal
testReverseEmpty (asan)  . . . . [1 pts]  - FAILED: unit_tests.cpp:117: List does not match solution with backward traversal
testReverse20_memory (asan)  . . [1 pts]  - FAILED: unit_tests.cpp:117: List does not match solution with backward traversal
testReverseNth20_2_size  . . . . [1 pts]  - FAILED: unit_tests.cpp:113: List does not match solution's size
testReverseNth20_2_forward . . . [1 pts]  - passed
testReverseNth20_2_backward  . . [1 pts]  - passed
testReverseNth37_4_size  . . . . [1 pts]  - FAILED: unit_tests.cpp:113: List does not match solution's size
testReverseNth37_4_forward . . . [1 pts]  - passed
testReverseNth37_4_backward  . . [1 pts]  - passed
testReverseNth37_37  . . . . . . [1 pts]  - FAILED: Segmentation fault
testReverseNth37_4_memory (asan) [1 pts]  - FAILED: unit_tests.cpp:113: List does not match solution's size
testReverseNthEmpty (asan) . . . [1 pts]  - FAILED: Memory errors detected by ASAN
testWaterfall4_size  . . . . . . [1 pts]  - passed
testWaterfall4_forward . . . . . [1 pts]  - passed
testWaterfall4_backward  . . . . [2 pts]  - passed
testWaterfall7_size  . . . . . . [1 pts]  - passed
testWaterfall7_forward . . . . . [1 pts]  - passed
testWaterfall7_backward  . . . . [2 pts]  - passed
testWaterfall12_size . . . . . . [1 pts]  - passed
testWaterfall12_forward  . . . . [1 pts]  - passed
testWaterfall12_backward . . . . [2 pts]  - passed
testWaterfall7_memory (asan) . . [3 pts]  - passed
testWaterfall7_empty (asan)  . . [3 pts]  - FAILED: Memory errors detected by ASAN
testSplit5_this_size . . . . . . [1 pts]  - passed
testSplit5_this_forward  . . . . [1 pts]  - passed
testSplit5_this_backward . . . . [1 pts]  - passed
testSplit5_split_size  . . . . . [1 pts]  - passed
testSplit5_split_forward . . . . [1 pts]  - passed
testSplit5_split_backward  . . . [1 pts]  - passed
testSplit5_mem (asan)  . . . . . [3 pts]  - passed
testMerge_size . . . . . . . . . [1 pts]  - passed
testMerge_forward  . . . . . . . [1 pts]  - passed
testMerge_backward . . . . . . . [1 pts]  - passed
testMerge_mem (asan) . . . . . . [3 pts]  - passed
testSort16p_s  . . . . . . . . . [1 pts]  - passed
testSort16p_f  . . . . . . . . . [2 pts]  - passed
testSort16p_b  . . . . . . . . . [2 pts]  - passed
testSort20p_s  . . . . . . . . . [1 pts]  - passed
testSort20p_f  . . . . . . . . . [2 pts]  - passed
testSort20p_b  . . . . . . . . . [2 pts]  - passed
testSort27p_s  . . . . . . . . . [1 pts]  - passed
testSort27p_f  . . . . . . . . . [2 pts]  - passed
testSort27p_b  . . . . . . . . . [2 pts]  - passed
testSortEmpty  . . . . . . . . . [5 pts]  - passed
testSort259p_s . . . . . . . . . [1 pts]  - passed
testSort259p_f . . . . . . . . . [2 pts]  - passed
testSort259p_b . . . . . . . . . [2 pts]  - passed
testSortMemLeak (asan) . . . . . [5 pts]  - passed
testSortNlogN  . . . . . . . . . [10 pts] - passed


Total score...
================================================================
TOTAL SCORE: 83



Detailed test output...
================================================================
----------------------------------------------------------------
testInsertFront [2 points]
Result: FAILED: unit_tests.cpp:117: List does not match solution with backward traversal
Took 0ms (1000ms timeout)
Output:
----------------------------------------------------------------
< 13 12 11 10 9 8 7 6 5 4 3 2 1 0 >

----------------------------------------------------------------
testDestructor37 (run under asan) [3 points]
Result: FAILED: unit_tests.cpp:117: List does not match solution with backward traversal
Took unknown time (2000ms timeout)
Output:
----------------------------------------------------------------
Running testDestructor37 [worth 3 points, output below]
< 36 35 34 33 32 31 30 29 28 27 26 25 24 23 22 21 20 19 18 17 16 15 14 13 12 11 10 9 8 7 6 5 4 3 2 1 0 >
Result: FAILED:
unit_tests.cpp:117: List does not match solution with backward traversal

----------------------------------------------------------------
testReverse20_backward [1 points]
Result: FAILED: unit_tests.cpp:117: List does not match solution with backward traversal
Took 0ms (1000ms timeout)
Output:
----------------------------------------------------------------
< 19 18 17 16 15 14 13 12 11 10 9 8 7 6 5 4 3 2 1 0 >

----------------------------------------------------------------
testReverse37_backward [1 points]
Result: FAILED: unit_tests.cpp:117: List does not match solution with backward traversal
Took 0ms (1000ms timeout)
Output:
----------------------------------------------------------------
< 36 35 34 33 32 31 30 29 28 27 26 25 24 23 22 21 20 19 18 17 16 15 14 13 12 11 10 9 8 7 6 5 4 3 2 1 0 >

----------------------------------------------------------------
testReverseEmpty (run under asan) [1 points]
Result: FAILED: unit_tests.cpp:117: List does not match solution with backward traversal
Took unknown time (10000ms timeout)
Output:
----------------------------------------------------------------
Running testReverseEmpty [worth 1 points, output below]
< 9 8 7 6 5 4 3 2 1 0 >
Result: FAILED:
unit_tests.cpp:117: List does not match solution with backward traversal

----------------------------------------------------------------
testReverse20_memory (run under asan) [1 points]
Result: FAILED: unit_tests.cpp:117: List does not match solution with backward traversal
Took unknown time (10000ms timeout)
Output:
----------------------------------------------------------------
Running testReverse20_memory [worth 1 points, output below]
< 19 18 17 16 15 14 13 12 11 10 9 8 7 6 5 4 3 2 1 0 >
Result: FAILED:
unit_tests.cpp:117: List does not match solution with backward traversal

----------------------------------------------------------------
testReverseNth20_2_size [1 points]
Result: FAILED: unit_tests.cpp:113: List does not match solution's size
Took 0ms (1000ms timeout)
Output:
----------------------------------------------------------------
< 1 0 3 2 5 4 7 6 9 8 11 10 13 12 15 14 17 16 19 18 >

----------------------------------------------------------------
testReverseNth37_4_size [1 points]
Result: FAILED: unit_tests.cpp:113: List does not match solution's size
Took 0ms (1000ms timeout)
Output:
----------------------------------------------------------------
< 3 2 1 0 7 6 5 4 11 10 9 8 15 14 13 12 19 18 17 16 23 22 21 20 27 26 25 24 31 30 29 28 35 34 33 32 36 >

----------------------------------------------------------------
testReverseNth37_37 [1 points]
Result: FAILED: Segmentation fault
Took 0ms (1000ms timeout)
Output:
----------------------------------------------------------------

----------------------------------------------------------------
testReverseNth37_4_memory (run under asan) [1 points]
Result: FAILED: unit_tests.cpp:113: List does not match solution's size
Took unknown time (10000ms timeout)
Output:
----------------------------------------------------------------
Running testReverseNth37_4_memory [worth 1 points, output below]
< 3 2 1 0 7 6 5 4 11 10 9 8 15 14 13 12 19 18 17 16 23 22 21 20 27 26 25 24 31 30 29 28 35 34 33 32 36 >
Result: FAILED:
unit_tests.cpp:113: List does not match solution's size

----------------------------------------------------------------
testReverseNthEmpty (run under asan) [1 points]
Result: FAILED: Memory errors detected by ASAN
Took unknown time (10000ms timeout)
Output:
----------------------------------------------------------------
Running testReverseNthEmpty [worth 1 points, output below]
ASAN:SIGSEGV
=================================================================
==1565==ERROR: AddressSanitizer: SEGV on unknown address 0x000000000000 (pc 0x0000006bd0df bp 0x7ffe0e631230 sp 0x7ffe0e630e20 T0)
    #0 0x6bd0de in List<int>::reverse(List<int>::ListNode*&, List<int>::ListNode*&) (/dev/shm/cs225student/autograder/monad/monad/mp3_grade/proxy-asan+0x6bd0de)
    #1 0x68d380 in List<int>::reverseNth(int) (/dev/shm/cs225student/autograder/monad/monad/mp3_grade/proxy-asan+0x68d380)
    #2 0x653990 in testReverseNth(int, int, check_t, bool) (/dev/shm/cs225student/autograder/monad/monad/mp3_grade/proxy-asan+0x653990)
    #3 0x6552d9 in proxy_test::testReverseNthEmpty(util::sizedpipestream<512ul>&) (/dev/shm/cs225student/autograder/monad/monad/mp3_grade/proxy-asan+0x6552d9)
    #4 0x4eb448 in monad_shared::unit_test_input::execute(util::sizedpipestream<512ul>&) const (/dev/shm/cs225student/autograder/monad/monad/mp3_grade/proxy-asan+0x4eb448)
    #5 0x4d05f3 in proxy::test_execution::child_test() (/dev/shm/cs225student/autograder/monad/monad/mp3_grade/proxy-asan+0x4d05f3)
    #6 0x4c213e in proxy::test_execution::child() (/dev/shm/cs225student/autograder/monad/monad/mp3_grade/proxy-asan+0x4c213e)
    #7 0x4bc922 in proxy::RunTests::run_single_test(monad_shared::unit_test_input const&) (/dev/shm/cs225student/autograder/monad/monad/mp3_grade/proxy-asan+0x4bc922)
    #8 0x4b25e7 in proxy::RunTests::run_single_test(char const*) (/dev/shm/cs225student/autograder/monad/monad/mp3_grade/proxy-asan+0x4b25e7)
    #9 0x4b1787 in proxy::RunTests::execute_by_mode() (/dev/shm/cs225student/autograder/monad/monad/mp3_grade/proxy-asan+0x4b1787)
    #10 0x4adee9 in proxy::RunTests::execute() (/dev/shm/cs225student/autograder/monad/monad/mp3_grade/proxy-asan+0x4adee9)
    #11 0x4ab83e in main (/dev/shm/cs225student/autograder/monad/monad/mp3_grade/proxy-asan+0x4ab83e)
    #12 0x7fc644627b14 in __libc_start_main (/lib64/libc.so.6+0x21b14)
    #13 0x4a43bc in _start (/dev/shm/cs225student/autograder/monad/monad/mp3_grade/proxy-asan+0x4a43bc)

AddressSanitizer can not provide additional info.
SUMMARY: AddressSanitizer: SEGV ??:0 List<int>::reverse(List<int>::ListNode*&, List<int>::ListNode*&)
==1565==ABORTING
Result: FAILED:
Memory Errors Detected by ASAN

----------------------------------------------------------------
testWaterfall7_empty (run under asan) [3 points]
Result: FAILED: Memory errors detected by ASAN
Took unknown time (10000ms timeout)
Output:
----------------------------------------------------------------
Running testWaterfall7_empty [worth 3 points, output below]
< 0 2 4 3 1 >
ASAN:SIGSEGV
=================================================================
==1584==ERROR: AddressSanitizer: SEGV on unknown address 0x000000000000 (pc 0x00000068d955 bp 0x7fff69715df0 sp 0x7fff69715c20 T0)
    #0 0x68d954 in List<int>::waterfall() (/dev/shm/cs225student/autograder/monad/monad/mp3_grade/proxy-asan+0x68d954)
    #1 0x66c9ac in testWaterfallEmpty(check_t, bool) (/dev/shm/cs225student/autograder/monad/monad/mp3_grade/proxy-asan+0x66c9ac)
    #2 0x66df4e in proxy_test::testWaterfall7_empty(util::sizedpipestream<512ul>&) (/dev/shm/cs225student/autograder/monad/monad/mp3_grade/proxy-asan+0x66df4e)
    #3 0x4eb448 in monad_shared::unit_test_input::execute(util::sizedpipestream<512ul>&) const (/dev/shm/cs225student/autograder/monad/monad/mp3_grade/proxy-asan+0x4eb448)
    #4 0x4d05f3 in proxy::test_execution::child_test() (/dev/shm/cs225student/autograder/monad/monad/mp3_grade/proxy-asan+0x4d05f3)
    #5 0x4c213e in proxy::test_execution::child() (/dev/shm/cs225student/autograder/monad/monad/mp3_grade/proxy-asan+0x4c213e)
    #6 0x4bc922 in proxy::RunTests::run_single_test(monad_shared::unit_test_input const&) (/dev/shm/cs225student/autograder/monad/monad/mp3_grade/proxy-asan+0x4bc922)
    #7 0x4b25e7 in proxy::RunTests::run_single_test(char const*) (/dev/shm/cs225student/autograder/monad/monad/mp3_grade/proxy-asan+0x4b25e7)
    #8 0x4b1787 in proxy::RunTests::execute_by_mode() (/dev/shm/cs225student/autograder/monad/monad/mp3_grade/proxy-asan+0x4b1787)
    #9 0x4adee9 in proxy::RunTests::execute() (/dev/shm/cs225student/autograder/monad/monad/mp3_grade/proxy-asan+0x4adee9)
    #10 0x4ab83e in main (/dev/shm/cs225student/autograder/monad/monad/mp3_grade/proxy-asan+0x4ab83e)
    #11 0x7fce94aa2b14 in __libc_start_main (/lib64/libc.so.6+0x21b14)
    #12 0x4a43bc in _start (/dev/shm/cs225student/autograder/monad/monad/mp3_grade/proxy-asan+0x4a43bc)

AddressSanitizer can not provide additional info.
SUMMARY: AddressSanitizer: SEGV ??:0 List<int>::waterfall()
==1584==ABORTING
Result: FAILED:
Memory Errors Detected by ASAN


----------------------------------------------------------------
Total score...
================================================================
TOTAL SCORE: 83

